<?xml version="1.0" encoding="UTF-8"?>
<testng-results ignored="0" total="1" passed="1" failed="0" skipped="0">
  <reporter-output>
    <line>
      <![CDATA[File uploaded successfully]]>
    </line>
    <line>
      <![CDATA[Pre-flight check successful.]]>
    </line>
    <line>
      <![CDATA[Files converted successfully.]]>
    </line>
    <line>
      <![CDATA[Post-flight check successful]]>
    </line>
  </reporter-output>
  <suite started-at="2025-02-17T12:52:04 IST" name="Default suite" finished-at="2025-02-17T12:53:00 IST" duration-ms="55727">
    <groups>
    </groups>
    <test started-at="2025-02-17T12:52:04 IST" name="Default test" finished-at="2025-02-17T12:53:00 IST" duration-ms="55727">
      <class name="docMigrationValidation.VerifyIPSourceDropdown">
        <test-method is-config="true" signature="preCondition()[pri:0, instance:docMigrationValidation.VerifyIPSourceDropdown@55182842]" started-at="2025-02-17T12:52:04 IST" name="preCondition" finished-at="2025-02-17T12:52:21 IST" duration-ms="17421" status="PASS">
          <reporter-output>
          </reporter-output>
        </test-method> <!-- preCondition -->
        <test-method signature="verifyDropdown()[pri:0, instance:docMigrationValidation.VerifyIPSourceDropdown@55182842]" started-at="2025-02-17T12:52:21 IST" name="verifyDropdown" finished-at="2025-02-17T12:52:59 IST" duration-ms="37224" status="PASS">
          <reporter-output>
            <line>
              <![CDATA[File uploaded successfully]]>
            </line>
            <line>
              <![CDATA[Pre-flight check successful.]]>
            </line>
            <line>
              <![CDATA[Files converted successfully.]]>
            </line>
            <line>
              <![CDATA[Post-flight check successful]]>
            </line>
          </reporter-output>
        </test-method> <!-- verifyDropdown -->
        <test-method is-config="true" signature="signOut()[pri:0, instance:docMigrationValidation.VerifyIPSourceDropdown@55182842]" started-at="2025-02-17T12:52:59 IST" name="signOut" finished-at="2025-02-17T12:53:00 IST" duration-ms="1046" status="PASS">
          <reporter-output>
          </reporter-output>
        </test-method> <!-- signOut -->
      </class> <!-- docMigrationValidation.VerifyIPSourceDropdown -->
    </test> <!-- Default test -->
  </suite> <!-- Default suite -->
</testng-results>
